start node index, end node index, connection length
0,16,82083.28
0,142,207126.8
1,193,49751.46
2,35,127111.5
2,63,183422.1
2,147,239236.5
2,287,150987.8
3,192,94235.9
3,215,115061.8
3,259,23012.61
4,120,182911.3
4,130,164549.1
4,158,120582.6
5,40,213811.3
5,152,176019.6
6,186,27747.36
6,369,219082.8
6,478,149179.7
7,85,141352.4
7,525,100474.9
7,541,135339
8,46,61250.88
8,309,53156.63
8,359,99438.96
9,125,96975.7
9,173,183011
10,243,84702.13
11,204,151293.2
11,255,128498
11,293,61054.29
11,348,212127.8
12,138,118547.5
12,185,113099.4
12,196,2299.691
13,239,136799
14,187,39438.78
14,282,99854.02
14,336,46142.05
14,504,134331.1
15,116,121514.9
15,513,99591.82
15,545,127582
15,606,143938.8
17,125,81098.63
17,273,148129.6
18,282,62185.02
18,291,76206.23
18,472,102256.4
19,164,122577.9
19,314,168206.5
19,469,116707.3
20,47,117726.7
20,107,92076.52
20,306,39721.22
21,205,152078.6
22,131,118930.8
22,135,116285.3
22,290,107596.8
22,346,136565.6
23,53,155935.7
23,64,96315.71
23,99,84101.15
24,366,38075.79
24,404,26345.97
24,413,220563.3
24,526,109723.5
25,150,47152.96
25,151,170250.9
26,57,58639.93
27,3,83334.04
27,48,204133.2
28,38,124964.4
28,69,93951.54
28,99,17579.94
28,177,62595.24
29,34,95402.98
29,93,72114.7
30,136,28123.63
30,165,45677.66
30,197,150528.4
31,16,34083.85
32,54,104349.1
33,39,71758.76
33,117,26262.14
33,258,20465.22
36,337,67104.12
37,49,139850.4
37,97,14609.32
38,7,213125.4
41,229,60318.03
41,329,73417.78
42,173,151934
42,281,99378.95
43,24,192039.3
43,116,101945.6
43,176,25111.11
44,189,38279.29
44,237,66118.33
44,330,25437.42
45,39,103743.9
45,210,62669.82
49,6,190920.1
50,94,46157.22
50,284,113842.3
51,76,162181
51,180,92339.29
52,81,161972.5
52,260,137862.9
52,333,166355.2
52,378,46555.01
54,31,91299.88
55,99,57383.19
55,122,50327.37
55,178,164125.3
56,39,90874.6
56,147,134351.3
57,18,49364.81
58,192,242142.1
58,236,88607.41
58,240,105624.8
58,300,209435.9
59,24,198572
60,7,202528.6
60,134,134423.9
60,155,96122.13
61,161,144168.4
62,159,115481.7
65,20,148661.5
65,131,136875.9
65,319,39267.12
66,134,179189
67,15,43105.54
67,104,108646.2
68,24,86470.96
68,46,74776.81
68,152,116061.5
68,187,80990.6
70,20,91722.02
70,51,53049.15
70,138,4954.052
71,112,178546.2
71,125,83261.24
71,266,135162
72,193,128058.9
72,205,138735.8
73,113,105796.5
73,169,62813.15
73,202,187738.5
74,2,163597
74,76,79601.77
75,356,102448.6
75,373,53354.55
77,70,50129.92
78,7,34042.84
78,42,145079.5
79,283,211058.7
79,400,168594.5
79,417,117837.2
80,35,144046.6
82,159,124146.6
83,33,87754.91
83,246,111006.7
83,269,98663.55
83,290,85316.72
84,445,187242.7
85,6,210052.3
86,5,121566.7
87,100,123623.5
87,213,54140.94
87,311,184844.9
88,133,105552.7
89,66,26316.17
89,91,121472.4
90,17,60445.5
90,57,205016.7
90,217,105594.9
90,297,132857.6
92,106,73070.02
92,125,45448.74
92,233,135762.3
94,47,59362.58
95,10,41993.08
96,15,89942.28
98,119,136469.9
100,13,86532.95
100,70,33122.37
101,56,81163.05
101,93,30824.12
101,106,131093.6
102,20,60147.06
102,81,30113.58
102,91,128005.7
103,261,26764.86
103,357,141399.1
103,422,70965.92
105,14,27898.33
105,141,131070.7
105,225,101955.2
106,26,162818
108,53,141243.9
108,160,131779.2
109,32,95134.58
110,420,146333.9
111,211,126435.4
111,388,76940.72
112,21,155012.1
112,37,159751.7
113,27,101019.8
113,39,156746.1
114,11,171980.2
114,26,111368.2
114,222,144137.2
114,226,185627.2
115,72,146618.3
115,95,98649.73
115,114,45732.63
117,30,147773.8
118,80,139807
118,216,147617.5
118,223,70344.62
121,178,106512.7
121,237,46354.9
121,285,59120.46
121,323,73830.84
122,37,154865.8
123,164,45743.2
123,218,70675.05
123,224,51981.77
124,252,78420.65
124,416,54952.71
124,542,93501.76
126,14,14011.5
127,29,33556.14
128,3,67265.55
128,153,154180.9
129,279,54440.32
129,537,109445.8
129,554,35302.7
132,14,113263.6
132,168,150204.2
132,231,70537.12
132,247,134877.8
134,11,135055.7
137,66,230203
137,127,100784.2
139,192,160926
139,228,73319.88
139,296,113862
139,339,32731.96
140,241,119717
140,407,94329.87
140,419,89945.86
140,454,36946.38
143,39,190401.2
143,62,78394.27
144,14,134413
144,135,9138.729
145,10,30730.93
145,173,175772.2
145,174,165884.7
146,181,55868.99
148,13,88865.72
148,118,129904.7
148,149,116690.7
148,205,33900.79
149,120,127835.1
150,20,105864.6
153,24,152869.9
154,276,68951.5
154,331,57578.89
154,591,162884.3
154,676,109419
155,53,79882.82
156,82,162895.8
156,97,146948.8
157,96,87864.95
160,19,53067.1
162,207,105483.6
162,357,30791.56
162,387,56455.05
162,451,189711.1
163,165,60353.24
163,262,195941.1
166,43,14631.91
166,54,55007.77
166,203,130195.7
167,35,94999.53
167,51,82025.48
167,97,44453.01
168,98,152380.4
170,514,192419.1
170,520,137021.2
171,26,202243.3
171,44,108311.2
171,137,143735.4
172,19,38910.19
172,397,92106.11
172,471,87845.9
174,121,158177.6
175,138,57435.56
176,35,111330.3
177,20,126535.3
178,17,137198.4
179,34,16307.61
179,55,30499.61
179,87,68020.53
179,102,64752.75
181,66,119941.5
182,48,160890.8
182,134,77739.59
182,284,32574.02
183,64,51233.96
183,363,58901.95
183,384,131819.4
183,526,123375.6
184,17,93015.72
188,42,59912.28
188,285,78592.3
188,331,38361.73
189,23,126658.5
190,69,176084.6
190,123,82817.43
190,439,49459.43
191,1,112322.9
191,69,23544.46
191,150,50265.3
194,69,49568.8
194,317,135096.4
195,124,51538.78
195,254,87751.79
195,329,91196.87
197,12,129729.1
198,224,109648.2
198,289,164559
198,354,51632.23
199,24,142879.6
199,111,159726.8
199,208,60789.19
199,615,39052.99
200,1,69224.34
200,16,45178.26
200,40,123596.3
201,134,14882.39
201,637,116088.9
201,674,117153.4
201,921,89381.36
202,3,85735.66
203,66,143997.5
206,28,135479.9
208,78,30469.9
209,18,98782.91
212,147,88894.84
212,230,170672.7
212,247,156495.1
214,58,75300.46
214,69,75426.65
214,102,60931.75
217,9,91781.16
218,112,171357.1
219,70,140361.3
219,116,200436.9
219,264,184059.4
219,407,155223.2
220,4,172107.5
220,66,137569.6
221,39,199333.6
221,120,104531.5
221,129,109714.8
221,230,214441.5
222,7,187412.7
224,34,91732.99
225,46,123739
225,95,70352.34
227,59,125050.8
230,68,69510.12
230,142,169708.6
230,144,61686.67
231,55,101765.1
232,21,118638.3
232,57,129248.8
233,29,24280
233,76,77751.62
234,245,143443.5
234,267,47709.25
234,395,37448.18
235,140,167779.3
238,43,73932.37
238,142,125077.2
242,9,161670.7
242,55,59805.71
242,164,134515.3
242,408,178463.1
244,85,171776.6
244,87,105933.6
244,127,79259.16
245,226,24916.59
247,60,156838.8
247,91,21761.96
248,137,41198.9
249,108,7788.923
249,115,153092.5
249,130,164741.6
249,265,84526.02
250,163,86301.25
251,36,107783.9
251,305,164175.9
251,378,35910.41
251,409,107335.2
253,145,117927.5
253,177,127998
253,292,176020
256,285,55816.11
257,63,73506.45
257,101,122739.4
257,127,141935
261,64,34105.11
262,12,130597.2
263,154,92283.27
263,228,81722.76
263,342,134054.1
263,471,106254.9
264,107,183389.3
265,57,176442.1
265,92,133887.8
266,21,49271.79
267,82,79536.17
267,106,89874.23
268,423,187250.6
268,534,138456.3
268,567,135756
268,752,52160.33
269,19,94685.3
270,153,143974.7
270,380,80198.78
270,411,111882.4
271,288,82031.22
271,421,108475.3
271,455,144223.4
271,459,143757.1
272,122,125000.7
272,130,62333.63
272,453,105850.4
274,25,108702.2
274,163,206001.2
274,168,181359.9
275,42,64748.99
275,355,88912.42
276,58,29145.45
277,4,132605.2
277,63,132857.4
277,187,85867.87
278,3,110440.8
279,6,139194.8
280,52,101116.5
280,155,52209.45
285,13,129130.5
285,38,142289.2
286,38,168775.8
286,42,154408.1
288,92,47115.89
288,120,106890.7
288,139,42009.8
288,240,22593.52
289,114,149269.2
290,6,167049.9
291,15,45919.85
292,36,72708.1
292,110,24649.75
294,4,169338.8
295,17,61507.59
297,8,88097.04
298,67,5453.874
298,116,85342.09
298,212,66429.08
299,105,15151.57
299,231,67422.82
300,10,88320.73
300,46,65180.3
301,28,80901.7
301,110,139718.8
301,239,88946.73
301,312,167332.3
302,21,51609.71
302,118,205393.5
302,154,44809.09
302,204,180205.9
303,91,176072.3
303,137,143029.4
303,243,99205.33
303,245,153482.5
304,58,116357.4
304,242,105580.6
307,24,141793.5
307,80,83841.35
307,82,94903.16
308,93,66687.96
308,98,35040.54
308,243,94912.53
308,330,96883.59
310,70,93637.97
310,119,149667
310,235,125485.2
311,38,19245.98
311,52,179388.1
312,138,131474.9
312,175,86626.09
312,225,187597
313,22,99558.4
313,61,144248.1
315,5,186474.6
315,52,109501.1
315,87,142572.5
316,166,38607.59
316,177,137550.1
317,14,144794.5
317,21,23120.97
317,41,138522.4
318,156,121947.2
318,323,84271.59
319,50,60951.39
319,61,118819.5
320,87,143600.4
320,168,57842.18
320,357,26345.85
321,29,83701.07
321,57,64654.21
322,93,90172.21
322,108,182102.1
322,260,51419.25
322,424,93302.27
323,6,85315.75
324,196,137927.2
324,353,29476.26
324,366,36943.2
325,31,95357.02
326,181,89898.77
326,188,103837.2
326,201,85177.64
327,177,49727.41
328,88,105876.7
328,186,161752.1
328,300,146503.9
331,27,133160.9
331,36,60940.38
332,282,106675.3
332,316,198556.5
332,370,90206.94
334,167,43118.34
335,136,147781.7
338,35,44461.57
339,41,114223.2
340,211,141802.3
340,294,79155.37
340,368,87601.63
341,14,45323.06
341,47,114382.5
341,236,146224.9
343,576,35004.2
343,577,113021
344,168,82970.3
344,235,45435.61
344,241,153268.5
344,421,65532.59
345,18,86335.89
345,173,113110.7
345,342,39791.05
347,184,83129.02
347,253,99067.51
347,302,85267.76
349,53,58874.63
349,91,137933.7
350,6,173547.7
351,40,175557.7
351,231,87508.94
351,250,15103.7
351,315,127535.9
352,35,117333.8
352,49,142941.9
352,240,80452.79
352,292,74693.3
353,102,22748.95
353,225,41994.24
354,103,85897.95
355,93,68612.66
355,138,49102.46
356,58,97348.88
357,61,182101.8
357,96,36111.29
358,56,47445.45
358,173,121585.7
358,370,29468.92
360,67,90927.35
360,282,137330.8
361,218,63666.63
361,262,91391.06
362,6,168299.3
362,67,163279.6
362,295,151805.5
363,51,82301.73
363,64,64067.49
363,112,106590.6
364,96,92531.2
365,85,127418.1
365,145,192305.8
365,189,150156.5
365,291,146004.2
367,39,47910.87
367,85,64344.37
367,159,34375.74
367,162,134274.5
368,119,82226.13
368,142,121981.6
368,170,139320.2
370,4,103097.6
370,9,96463.68
370,162,84252.05
370,309,51399.3
371,192,129492.2
371,236,110033.4
371,280,51836.21
371,336,67280.88
372,244,164162.6
373,18,53060.43
373,35,37273.44
374,25,169235.3
374,62,61786.43
374,98,45270.67
375,157,45172.77
375,282,51959.73
376,21,72685.67
376,53,106838.3
376,147,145376.6
377,173,139300.6
377,337,96687.8
377,458,128487.2
378,5,201161.2
378,33,68068.3
379,284,124346.8
380,83,65049.47
380,100,67965.86
380,170,158530.4
381,48,169682.8
381,208,40733.71
382,34,66485.48
382,177,100159.8
382,386,133681.1
383,10,50106
384,53,120163.2
384,78,141399.2
385,3,18968.29
386,86,115322.2
387,88,40360.94
388,95,22760.8
389,499,31918.84
390,26,204363.3
390,211,110686.4
390,214,143578.8
391,190,180859.8
391,350,187316.4
391,352,102733.1
392,201,141732.3
393,89,52021.84
393,112,170421
393,119,130002
394,14,53461.07
394,93,50130.12
394,216,118873.3
396,27,123742.5
396,188,66973.77
396,213,155878.3
396,230,160872.7
397,24,119937.3
398,72,76585.45
398,328,127337.2
399,175,52295.74
399,341,79516.7
400,75,177575.9
401,197,178382.9
401,219,113757.3
402,99,55716.55
402,146,55147.5
402,327,93417.47
402,581,26006.03
403,170,18766.21
403,227,151043.3
403,267,75388.26
403,336,85839
405,0,207626
405,47,183990.6
405,74,156687.3
406,15,50150.2
406,19,115126.1
406,182,94420.31
407,37,136982
408,56,95028.78
409,9,150342.2
410,93,155101.7
411,33,116141.7
411,44,72867.86
411,67,61664.97
411,180,108915
412,426,167502.3
412,435,164425.5
412,523,145305.6
412,577,149335
414,10,49426.48
414,29,210146.8
415,174,28112.88
417,55,109444.6
417,60,70388.93
418,59,47643.46
418,66,183805.2
418,304,118063.5
419,78,99956.68
419,80,142435.1
420,91,154421.3
421,25,138185.5
421,124,35502.46
422,94,87291.24
423,13,132855.8
423,125,179356.2
424,2,122371.6
425,87,69520.38
426,55,155519.5
426,64,142261.5
426,85,150527
427,106,154108
427,295,83449.55
427,306,159212.5
427,410,200247.2
428,184,24385.12
428,365,66388.47
429,76,132565.5
429,111,61474.15
430,144,37702.45
430,181,78942.34
430,387,145036.4
431,179,98885.18
432,77,82824.41
432,133,185653
432,152,195115.3
432,364,177796.3
433,22,84875.46
433,23,95262.76
433,28,120775.2
433,304,78641.73
434,47,170759.2
434,140,216435.6
434,310,106871.7
435,58,195949
435,217,102229.2
436,9,37918.99
436,82,66446.83
437,44,129904.4
438,188,92259.84
438,341,142281.3
438,498,118600
438,899,149344.9
439,47,197031.8
439,139,118295.2
440,33,82541.53
440,60,145470.3
440,115,184324.6
440,238,78322.71
441,101,136962.5
441,195,93586.11
441,215,110911.4
441,265,79002.79
442,65,88527.14
443,49,181657.1
443,207,162027.3
443,235,187945.6
443,321,87796.26
444,149,130478.6
444,304,67798.28
444,451,172309
444,479,14520.77
445,16,54837.06
446,53,77625.62
446,54,29674.98
447,35,41764.91
447,427,181255.1
447,602,100451.7
448,167,146616.6
449,186,136114.1
449,274,45183.07
450,46,31476.01
450,322,117229.5
450,581,114228.2
451,85,103082.2
452,140,214425.6
452,215,50314.39
452,245,40538.76
453,35,89044.6
454,5,196905.8
454,20,123014.1
454,56,97968.77
454,68,104146.3
455,132,186296.4
455,169,68947.16
455,213,188004
456,10,191634
456,63,215653.8
456,83,116011.2
457,56,105838.6
457,92,101803
457,136,149836.7
458,40,99458.97
458,114,106991.4
458,120,90858.49
459,86,47508.62
459,221,187318.2
460,14,78672.45
460,271,124872.9
460,374,81640.13
460,572,93859.48
461,139,130410.1
462,95,61405.04
462,111,121424.3
462,208,126696.8
462,696,139657
463,220,83686.05
463,293,128409.1
464,56,9818.563
464,264,126488.4
464,303,102513.9
465,257,68431.13
465,361,83137.38
465,537,161743.8
466,91,180399.5
466,312,193722.1
467,266,17697.54
467,300,166211
468,336,12054.9
469,0,80920.6
470,188,76377.6
470,215,30307.71
470,228,64138.91
470,402,68176.32
473,29,112553.5
473,31,13910.72
473,48,73934.67
474,26,111747.5
474,63,111674.5
474,65,65644.77
475,70,98266.69
475,93,40566.34
475,104,67457.23
475,216,141511.1
476,5,178464.9
476,29,206164.8
476,99,120640.3
476,238,111727.1
477,148,76165.55
477,162,36166
477,165,58468.12
479,78,126236.1
479,242,179192.7
479,352,88281.83
480,27,86701.02
480,176,82874.81
480,285,85463.5
481,119,167683.2
481,154,105515
481,350,130348.7
482,85,161150.8
482,380,66750.7
483,29,83926.9
484,7,144126.2
484,45,24970.46
484,184,66873.79
485,92,78608.63
485,103,48935.16
485,268,61916.37
485,289,200491.7
486,223,24080.11
486,248,102678.5
486,340,29033.12
486,368,69226
487,108,93492.91
487,116,51953.97
487,257,63317.05
487,288,36440.33
488,82,124390.6
488,208,72867.94
488,290,38551.73
489,52,51088.02
489,234,78127.66
490,41,143231.8
490,305,157651
490,513,129346.9
491,122,48457.07
491,521,73517.18
491,746,83879.97
491,767,78086.24
492,8,71251.52
492,296,129668.4
492,369,94858.14
492,377,116701.4
493,117,129910.7
494,6,3178.462
494,8,73651.9
494,54,108632.5
494,81,155661.5
495,227,77983.42
495,564,155920.9
495,583,9529.531
495,602,70905.84
496,23,116389.5
496,71,138007.1
496,147,201019.8
496,158,158345.3
497,62,96804.38
497,226,98761.52
498,134,150163.9
498,149,39020.07
498,289,154500.2
499,133,40103.8
499,226,103187.3
500,19,120254.6
501,404,132950.3
501,465,114226.8
502,35,80360.55
502,117,114087.4
503,20,83030.37
503,132,22857.2
503,190,43294.19
503,225,39084.43
505,31,108972.9
505,184,93314.2
505,213,108334.7
505,412,128983.1
506,3,53368.8
507,225,75730.52
507,285,83413.51
507,464,49601.11
508,76,132673.3
508,99,59845.04
509,2,15084.19
510,7,172398.7
510,27,170307.3
510,66,107572.6
511,27,180128.3
511,112,148358
512,14,50154.8
512,230,195289.6
514,41,173814.1
514,131,61310.97
515,285,146005.8
515,389,155956.7
516,18,51334.47
516,53,113680.7
517,339,152361.3
517,416,106260.2
518,86,76357.73
518,137,65960.89
518,213,98805.48
519,65,178045.7
519,134,138780.5
519,140,188352.6
519,321,79028.57
520,27,150734.5
520,102,83637.28
521,299,14868.18
521,326,57801.73
522,76,126559.1
522,235,52916.38
522,435,80681.48
522,543,128014.9
523,34,161942.5
524,78,165486.9
527,101,56858.13
527,159,90923.06
528,90,37356.65
528,99,111658.5
528,197,191558.5
529,52,164155.1
530,68,84523.84
530,103,45051.7
530,423,87730.16
530,429,103850.7
531,259,49906.25
531,316,132137.9
532,79,202352.3
533,69,60654.15
534,241,142820.4
535,123,61523.08
535,133,104610.4
535,161,180635.1
536,68,93563.43
537,65,69759.21
538,110,43235.32
538,143,114914.8
538,396,59783
539,53,77355.6
539,459,51852.15
540,34,182703.5
543,73,204277.3
543,222,150414.7
544,32,80183.72
544,58,176395.7
544,69,89764.17
546,45,93850.37
546,46,141361.3
546,120,177557.3
546,188,126554
547,104,167385
547,208,130920.1
547,273,69099.87
547,356,30942.97
548,175,16903.56
548,206,126304.8
548,329,28085.47
549,162,176217.6
550,140,109133.2
551,68,72047.95
551,120,137590.5
552,17,41093.85
552,24,18470.23
552,202,56996.48
552,207,49790.04
553,72,54520.89
553,363,79294.02
553,436,184887
553,461,68174.5
554,55,74289.54
554,104,120141.5
555,361,67185.7
555,370,58122.34
555,392,102757
555,600,83561.47
556,55,101848.8
557,110,115689.1
557,128,92471.12
557,148,165702.2
558,60,174494.1
558,64,128825.1
559,188,65512.74
559,287,79604.03
559,331,49966.92
559,389,75739.24
560,91,84454.73
560,127,81754.18
560,152,94109.39
560,219,129309.4
561,256,52503.09
561,293,147687.2
562,114,174533.5
562,159,94555.01
563,66,85802.48
563,237,139082
564,38,158150.5
564,75,171706.2
564,268,192371.7
565,65,139748.3
566,82,74812.24
567,5,172314
567,68,65007.89
567,108,73621.92
568,106,27999.83
568,208,133659.3
568,234,98761.91
569,127,179697.9
569,202,66114.16
569,274,194442.4
569,414,11085.98
570,125,53439.75
570,397,87155.78
570,446,65888.67
570,463,86738.16
571,64,97997.59
571,87,104677.7
571,113,96406.08
572,1,26145.59
572,20,68832.55
572,207,21619.32
572,290,75952.39
573,101,58212.8
574,58,204243.1
574,288,82887.66
574,417,81947.52
574,563,160762.3
575,24,91058.8
575,43,113541.4
575,67,52039.51
576,89,145620.4
577,13,70941.19
578,123,98750.26
579,151,173998.8
580,89,100790.1
581,300,177355.1
581,340,117034.9
582,11,176358.9
582,36,75706.41
582,191,115601.2
582,241,107079.6
583,4,89571.3
583,65,166134.4
583,67,60389.69
584,165,114113.1
584,580,103418.9
584,703,83455.59
584,755,115718.4
585,151,163132.1
585,197,208122.4
585,374,84219.9
586,13,51860.42
586,67,8449.954
587,7,155079.4
587,82,79323.56
587,84,185112.5
587,270,133622.9
588,89,147360.6
589,79,133677.3
589,247,64298.2
590,286,66310.52
590,307,93948.6
590,341,175200.8
591,101,19368.73
592,35,115731.2
592,82,100863.3
592,209,88464.08
592,275,52765.56
593,20,84768.89
594,15,51275.86
595,107,120384.3
596,335,55939.6
596,448,221692.5
596,802,123511.2
596,807,108613.1
597,61,100473.3
597,286,125838.5
598,687,95982.86
598,719,143588.1
598,857,81374.22
598,877,66878.33
599,137,179201.6
600,17,96018.56
601,32,145304.1
602,135,88297.3
602,225,113072
602,268,65811.41
602,363,59293.75
603,340,134972.5
604,31,177940.5
604,81,155188
604,113,98920.05
605,57,128795.9
605,90,83411.23
607,139,159621.4
607,144,200237
607,181,137683.1
608,13,68541.43
608,181,80568.72
608,193,97144.12
608,540,223671.9
609,2,172289.1
609,323,74250.17
610,70,112209.4
610,113,125797
611,128,144830.5
611,144,33332.57
612,24,117722.8
612,175,45564.06
613,61,128440.4
614,166,109304.6
614,321,63157.31
614,518,90204.36
615,149,79388.23
615,187,102926
616,65,80921.12
616,86,149687.9
616,349,29275.38
616,364,53718.56
617,6,175162.9
617,72,137705.6
618,15,39100.99
618,99,51321.91
618,377,144603
619,73,136745.4
619,254,154901.4
619,361,68036.26
619,416,45279.92
620,136,74325.22
620,229,190358.3
621,291,103022.6
621,405,186450.1
621,489,96427.55
621,506,137656.7
622,46,21335.22
622,125,132256.2
622,135,145814.7
622,160,15348.21
623,115,131186.6
623,169,112591
623,444,32968.45
623,664,121284.5
624,36,126211.2
624,160,76448.38
624,187,170558.3
625,67,101605.1
626,142,194784.3
627,120,114119
627,145,96016.01
627,557,129350.2
627,670,176582.5
628,106,59600.65
629,8,116138.6
629,104,131986.5
630,188,97095.85
630,334,77878.73
631,33,194750.4
631,180,95450.59
632,77,100903.5
632,88,107722.6
632,92,129477.6
632,142,12193.97
633,42,139916.2
634,6,94640.74
634,535,124217.4
634,558,82837.54
634,774,64039.44
635,72,124190.9
636,39,151758.6
636,40,19798.89
636,89,176497.6
636,92,118232
638,42,154724.8
639,120,73613.02
639,139,129809.2
640,213,47610.92
640,254,29518.27
640,427,95162.66
641,212,181610.2
641,268,110621.8
642,144,61437.48
642,408,101629
643,19,26700.35
643,211,172512.3
643,376,112280
643,410,201038.4
644,97,80492.04
644,371,107230
644,388,92761.5
644,537,115402.2
645,66,183380.1
645,73,161778.8
645,131,167716.6
645,266,173523.3
646,505,178418
647,22,122424.1
648,12,129336.4
648,242,167627.3
648,247,105859.3
649,121,133622.4
649,259,124440.6
649,269,102079.1
649,288,83528.53
650,573,138646.8
651,126,176274.8
652,41,96890.77
652,305,79876.49
652,436,131565.7
653,47,118445.5
653,65,85313.75
654,198,138933.9
655,87,101724.8
655,209,80582.88
655,465,56340.43
655,780,116418.6
656,180,133353.6
656,506,159183.5
657,121,153927.1
657,240,72724.84
657,265,182246.4
657,282,61198.04
658,85,116607.8
658,228,96955.87
658,245,98749.19
658,267,99747.63
659,292,35663.27
659,464,114640.3
659,534,44906.9
660,28,70893.2
660,120,126857.4
660,178,116495
661,26,63599.32
661,106,99465.66
662,138,24782.38
662,183,73580.05
663,8,67624.64
664,70,88162.34
664,75,91239.56
664,103,58460.8
665,44,109272.9
665,289,146815.3
666,6,161927.5
667,24,138990.4
667,69,109739.8
668,20,176219.1
668,464,155656.9
669,10,133916.8
669,83,61742.68
670,111,171608.5
670,124,87683.7
670,182,135307.8
670,355,73617.95
671,205,13723.39
672,1,108920.1
672,71,22674.81
672,84,127171.8
673,9,161689.5
673,205,101111.1
674,116,144817.5
674,176,172772.5
674,179,118116
675,14,50619.99
675,57,97720.28
675,119,93533.69
676,66,69890.75
677,16,91710.8
677,82,26448.91
678,71,70179.28
678,76,131280.2
678,293,115773.4
678,327,84625.7
679,70,43323.09
679,482,17837.53
679,498,164533.8
680,87,78046.35
680,242,107684.9
680,303,93937.28
681,4,175286.5
681,95,100197.6
681,279,140482.6
681,301,171115.6
682,6,125088
683,85,154156
684,26,108390.4
684,188,14602.37
684,345,29324.39
685,98,66460.55
686,333,202090
686,486,71632.02
686,507,116167.9
686,546,168217.2
687,211,89159.25
687,215,90326.31
687,221,145729
687,393,84543.37
688,127,95694.9
689,486,122069.2
690,17,137124.4
690,41,140875.3
691,37,128186.8
691,195,84748.48
691,336,62043.57
691,349,130980.6
692,156,4720.542
692,236,100976
693,5,36982.76
694,131,141599
694,228,195942.5
694,387,6297.723
694,525,25390.03
695,124,60678.53
696,150,14039.45
697,197,88630.47
697,571,107099.9
698,33,38152.75
698,34,80698.3
698,65,70530.09
699,86,56066.66
700,25,189989.3
701,62,50618.12
701,106,96489.66
701,108,96620.98
702,0,184565.6
703,152,49103.26
703,370,54115.25
703,415,68216.4
703,452,133591.9
704,83,112224
704,392,155454.2
704,439,255137
704,458,112175.5
705,41,39156.92
705,62,60705.89
706,1,22698.31
707,122,159729.4
708,80,197921.8
708,126,96470.84
709,18,15318.55
709,66,102515.4
709,94,99873.03
710,141,128808
710,203,60036.41
710,241,164259.2
710,429,28268.21
711,63,35462.82
711,143,61416.51
711,260,90603.18
712,89,208275.2
712,217,95431.72
712,265,55673.32
712,289,161256.7
713,34,66788.48
713,57,104583.4
713,244,89396.98
714,281,82124.18
714,334,59639.1
715,59,197354.7
715,514,208126.4
715,585,27810.6
715,833,139001.9
716,3,74188.98
717,87,107668.8
718,49,167585.8
718,60,176560.4
719,16,112952.5
719,61,32665.77
719,191,44854.19
719,222,158623.7
720,4,115212.2
720,84,146710.3
720,183,98701.77
720,474,92329.25
721,132,40073.26
722,87,122996.8
722,236,68779.35
723,22,98968.14
723,123,133504.5
724,207,90073.59
724,441,112358.9
725,247,104642.9
725,262,185759.5
725,272,24800.56
725,553,176278
726,4,182911.2
726,134,152463.9
727,81,138829.1
727,137,162332
727,380,159746.1
728,119,212329.3
728,139,156506.6
728,158,192043.3
729,14,153716.8
730,25,165598.4
730,54,81183.67
731,7,125257.9
731,80,136531
732,10,170639
732,58,140788.7
733,348,43449.49
733,375,100037.2
734,138,65187.14
734,848,173547.7
734,912,99301.29
735,200,69555.83
736,27,104507.7
736,68,114781.7
737,15,128300.6
737,43,126743.9
738,287,131396.3
738,496,93417.74
738,574,185268.1
738,799,38865.68
739,104,145673.6
739,298,43144.77
739,329,65049.68
739,350,57453.92
740,4,156809.7
740,18,133366.3
740,19,93400.09
740,27,15423.71
741,8,66273.85
741,44,30154.52
741,129,21471.56
741,180,55921.66
742,37,62732.82
742,97,56266.51
742,297,105935
743,2,145229.9
743,175,58743.73
743,272,69354.48
744,95,171928.9
744,173,254324.4
745,15,94131.84
746,49,133193.2
746,203,79893.58
746,444,47853.33
747,67,58370.91
747,117,118464
747,152,108452.1
748,120,118826.8
749,31,139253.9
749,252,69315.2
750,185,77705.34
750,229,164016.2
750,437,128819.5
750,991,31686.06
751,17,47577.57
751,24,36662.3
752,62,129911
753,80,203426.4
753,104,138723.3
754,249,109537
754,296,126565.9
754,320,68298.09
754,323,69373.3
755,13,38152.53
755,190,53011.75
755,193,21853.35
756,16,134361.3
756,95,104107.5
756,144,172011.5
756,145,152197
757,1,154001.3
758,183,26660.35
758,244,74398.27
759,108,52469
760,132,141445.7
761,588,102386.6
761,597,84907.34
761,598,61499.97
762,101,144628.5
763,295,111513.6
763,334,92769.76
763,514,92111.05
764,6,65615.62
764,50,29102.7
765,6,192844.2
766,134,135722.5
766,136,111234.3
766,267,193360.6
767,87,93586.27
767,182,74036.52
767,385,36234.74
768,84,174959.7
768,88,112370.9
768,94,132122.1
768,203,46247.7
769,86,96608.34
769,87,112896.4
770,29,31893.95
770,67,114667
771,103,75765.61
771,146,43539.93
772,168,36199.28
773,119,61246.95
773,226,193751.5
773,259,83571.78
773,614,129619.5
774,293,150702.6
775,32,143596.4
775,110,189248.7
775,111,169719.4
776,136,130417.1
776,369,126994.9
776,406,73520.63
776,447,152187.5
777,5,191405.9
777,162,76261.02
778,22,167756.2
778,64,91955.8
778,93,93353.95
779,187,158373.5
780,29,43343.28
781,3,87171.59
781,44,93985.17
782,10,77308.33
782,11,127215.6
782,134,10924.14
782,167,12322.8
783,12,150937.7
783,230,120265.2
783,282,70627.55
783,384,54823.6
784,66,237874.1
784,145,131988.5
784,152,149522.8
785,71,52356.38
785,143,68068
785,156,153522.5
785,172,111752.9
786,84,123428.4
786,242,194282.3
787,56,47114.42
788,65,6318.161
788,117,124247.3
788,190,141500.7
788,211,182731.9
789,75,70710.34
789,156,92555.82
790,29,119572.8
790,68,30453.86
791,24,46910.86
791,25,201258.8
791,33,230559.3
792,61,187741.3
792,95,46238.89
792,117,212801.6
793,13,148571
793,162,66966.07
793,328,179730.2
793,339,188196
794,33,53429.2
794,127,57961.28
794,160,93775.34
795,32,187173.3
795,78,124411.8
795,87,146843.2
796,143,30863.37
796,230,104765.3
796,262,186134.7
796,696,170511.8
797,186,118955.2
797,201,113186
797,256,102775.8
798,40,149130
799,269,73424.56
799,292,196747.8
800,18,29615.47
801,209,50930.77
801,662,60715.84
801,767,80854.98
801,848,163075.8
802,217,29152.53
802,300,91625.5
803,0,139225.9
803,152,172443.5
804,18,124450.8
804,60,92880.3
805,77,117922.8
805,204,60191.09
806,231,73236.87
806,234,120451.9
806,409,165385.1
806,652,84908.09
807,12,104170.1
807,71,170108.7
807,73,115774.5
807,134,88536.2
808,61,169868.3
808,116,160222.3
808,218,58111.63
809,56,30220.57
809,73,171018
810,303,124279.8
810,375,77382.61
811,15,56940.19
811,186,150531.8
812,127,185923
813,21,125773
813,48,149257.9
814,31,93965.41
814,34,63500.2
815,27,72831.07
815,56,107258.6
816,153,87184.49
816,282,83875.3
816,341,87563.7
816,481,89563.27
817,42,65348.88
817,86,100605.9
817,151,137823
817,186,66985.04
818,44,133382.6
818,121,164305.9
818,243,79341.54
819,54,114046.2
819,56,147646.1
819,92,162909.9
820,29,156213.4
820,58,24377.34
820,176,118077.6
821,56,101215.8
821,193,123359.2
822,289,131732.7
822,349,119754.7
822,364,133108.1
822,443,95759.7
823,130,118065.3
823,147,67372.79
823,236,97159.84
824,31,228553.5
824,250,214647.2
824,283,240161.4
825,265,178478.3
825,356,50883.16
825,358,122126.4
826,426,134425.1
827,24,119792.9
827,297,116310.4
827,319,44809.81
828,27,33141.73
828,76,84024.93
828,158,37375.47
829,162,93151.55
829,412,49293.48
830,146,67432.47
830,396,139721.6
830,453,124567.4
830,470,32959.17
831,203,63153.91
832,104,84117.57
832,194,174305.6
832,230,143206.8
833,72,65540.57
833,77,95469.64
834,97,106362.9
834,128,156871.5
834,217,108572.6
834,231,94209.33
835,43,62581.87
836,64,130355.1
836,137,65649.35
836,167,64059.91
837,25,43149.45
837,75,122629.7
837,130,136891.6
837,335,66605.59
838,56,98535.42
838,95,178247.6
838,180,189314.9
839,109,95440.84
839,459,101557.4
840,7,180275.7
840,49,93967.25
840,108,11115.99
841,68,69998.68
841,345,124364
841,434,68399.37
842,27,93510.66
843,128,179684.1
843,219,64247.93
844,54,87360.57
844,135,179026.9
845,29,75774.35
846,47,106433.2
846,233,105094.8
846,251,108077.4
846,413,83699.23
847,271,134424.3
847,344,114352.3
848,142,187835.2
848,176,17944.69
848,187,150847.7
848,205,136141.8
849,65,125544.7
850,92,81223.74
850,259,53184.31
850,575,102194.8
850,708,166354
851,113,100133.8
852,6,161610.4
852,145,83193.29
853,99,21129.98
853,574,95713.91
854,12,137731.5
854,126,96560.54
854,159,138943.8
855,23,133687.8
855,26,144530.2
855,43,140500.6
855,53,80731.66
856,173,190587.8
857,88,95785.53
857,154,111315.8
857,355,72342.27
858,145,145275.4
858,151,36161.54
859,48,97402.09
859,157,99359.15
859,198,63082.74
860,91,151004.5
860,137,27616.46
860,187,119028.1
860,223,85742.55
861,97,83228.44
861,174,187077.3
861,312,194070.4
861,371,17948.1
862,21,136173.7
862,44,52816.45
863,62,83012.79
863,222,103775.3
863,381,105791.2
864,62,57415.32
864,226,88645.88
864,279,58567.61
864,380,105931.7
865,60,170621.2
865,160,49819.71
866,1,72913.95
866,32,92057.99
866,126,135096.9
867,22,159199
867,87,135551.8
867,252,125921.5
868,4,162391.4
868,108,146200.5
868,388,80346.94
868,466,145226.5
869,222,92165.04
869,613,148136.2
869,774,161055.5
870,11,25307.4
870,105,118655
871,53,75557.49
871,54,13560.96
872,216,176791.5
872,223,66834.67
872,576,69302.91
873,178,180660.6
873,298,87387.13
873,489,138356.2
873,512,177993.7
874,21,82538
874,194,172637.5
874,244,134364.3
874,446,83914.17
875,238,86451.25
876,31,196110.8
876,185,120426.8
876,208,144134.7
877,51,131233.7
877,109,60958.81
877,140,144197.1
878,118,170903.3
878,159,74199.57
879,46,17142.53
879,125,109454.7
880,17,28079.73
880,43,149570.2
880,492,70661.33
881,75,135408.9
881,218,112903.2
882,98,107151.3
882,171,33712.56
882,239,40136.83
882,303,14101.9
883,35,97442.05
883,54,76908.65
883,298,117763.8
884,386,20550.03
885,34,114541.3
885,372,147057
886,69,115008.1
886,93,112822.4
887,50,82233.54
887,129,49036.61
887,254,32584.51
888,181,126304.7
888,251,120839.3
889,57,151430.2
890,5,222007.4
890,224,122073.5
890,369,196074.3
891,74,197925.8
891,145,86893.03
891,212,152504
891,473,46941.65
892,30,126651.3
892,106,131353.9
893,136,67839.64
893,196,41672.21
893,317,10271.39
894,147,189785.1
894,235,120896.4
894,356,89717.48
894,368,193383.3
895,1,118205.4
896,0,161243
896,13,86748.94
897,72,34496.25
898,108,158519.9
898,135,60416.58
898,178,192489.8
899,30,98067.98
899,51,133916.9
900,32,29090.07
901,45,16706.68
901,290,70741.2
901,332,73124.08
902,288,122543.3
903,104,37737.37
904,197,155475.6
904,513,89153.04
905,207,175578
905,214,176302
906,6,166242.1
906,26,57974.89
906,30,104095.2
906,93,56752.39
907,31,46005.57
908,16,149641.7
908,79,31358.2
908,81,123426.8
908,119,84381.27
909,16,78397.22
909,390,195657.7
909,420,145451.2
910,1,137037.9
910,18,118162.3
910,253,137924.2
911,24,131966.7
911,164,64177.38
912,209,61328.19
912,217,27439.47
913,28,105473.3
913,103,82507.3
913,140,199124.9
913,256,174037.6
914,4,128641.6
914,163,130934.3
915,9,119715.5
915,272,79722.38
915,414,115023.2
915,448,103539.7
916,94,85658.05
916,101,71972.65
917,148,29199.78
917,385,95724.73
917,416,84706.93
918,199,87700.66
918,411,80570.28
918,703,77709.13
918,704,169095.3
919,0,75933.62
919,36,130804.9
919,102,62002.14
919,107,94363.38
920,13,119460.7
921,99,30182.68
921,139,82427.63
922,1,113462.1
922,29,227157.3
922,41,60232.08
922,50,97831.35
923,26,150729.3
923,171,179681.2
923,182,145260.9
923,606,212103.2
924,47,19548.34
925,68,87244.24
925,511,135454.5
925,560,65410.55
926,78,20465.72
927,11,188042.1
927,27,68352.74
927,97,45998.39
927,378,99701.5
928,131,16622
928,151,41458.95
928,291,82286.81
929,99,66516.88
930,104,60796.56
931,23,177413.1
931,37,46378.99
931,127,128450.1
931,282,156228.8
932,152,174569.4
933,272,117928.9
934,1,168697.1
935,35,158259
935,109,77698.23
936,433,64148.83
937,29,172439.6
937,71,60847.63
937,184,112788.2
938,29,64926.57
938,229,81005.99
938,439,180294.7
938,502,52216.26
939,38,125494.1
939,119,62976.17
940,21,86203.96
940,92,23019.38
940,132,69591.68
941,47,65825.16
941,217,47526.55
942,151,66380.98
942,547,74582.03
942,610,46280.97
943,59,70148.22
943,76,58480.18
943,191,72755.38
944,5,95078.03
944,15,2520.255
944,31,67610.56
945,93,48340.44
946,105,122510.8
946,131,29589.67
946,225,128149.5
947,84,115638.2
947,101,127100.5
947,167,67911.19
947,246,106216.9
948,100,30858
948,122,161273.9
949,150,129693.3
950,45,97312.61
950,196,180127.4
951,75,167829
951,90,183858.2
952,76,191331.2
952,130,85891.79
952,141,11157.57
952,384,99920.96
953,53,112446.9
954,136,158332.1
955,11,111014.1
955,125,88962.66
955,172,122446
956,124,87317.97
956,256,146054.7
956,664,108181.4
956,826,151290.7
957,26,100967.9
957,63,168009
957,244,17462.64
957,395,72506.23
958,22,47843.81
958,52,53183.76
958,68,88248.95
959,34,112848.9
959,232,49407.52
959,235,6239.047
960,31,150454
961,2,128023.1
961,50,88278.02
962,245,58003.09
962,263,33808.32
962,438,142863.3
963,167,81128
964,145,120172.1
964,149,151372.3
964,190,101252.9
964,247,130549.9
965,41,115074
966,48,84574.93
967,145,73078.3
967,211,75614.69
968,28,119563.7
968,323,123689.5
968,391,214284.1
969,0,85703.9
969,3,50441.96
969,32,73435.15
969,33,55204.52
970,6,165581.5
970,111,166641.8
970,127,80760.31
971,277,71358.99
971,317,156271
971,335,124530.7
971,386,178833.6
972,27,96761.35
972,85,107157.9
972,169,66899.21
973,292,122154.2
974,91,138710
974,144,72928.86
975,65,129061.2
975,85,128249.3
976,219,163764
977,3,71679.03
977,5,102708.5
977,34,15276.78
977,78,91921.97
978,12,180571.5
978,100,64325.78
979,98,77438.86
979,249,144340.2
979,277,53476.17
979,335,104629.8
980,20,50154.29
980,243,123104.9
980,249,160149.2
980,324,121187.1
981,86,87353.61
981,97,132017.1
981,137,176245.9
981,203,85641.3
982,83,7351.009
983,26,123100.2
983,84,188398
983,152,124227.7
984,160,99280.48
984,281,37168
984,320,116696.2
984,432,114256.3
985,229,103369.7
986,7,179693.2
987,74,114455.5
987,130,113079.8
987,256,91032.13
988,12,88443.89
988,50,49068.39
989,275,167985.2
989,331,89993.52
989,386,79994.87
989,470,62541.57
990,85,140013.5
990,165,38269.64
990,187,56758.57
991,58,78098.27
992,108,134987.8
992,202,85321.15
993,6,14364.54
993,120,67350.99
993,239,172729.5
993,262,57508.07
994,37,21240.63
994,176,153051.5
994,214,125691.7
994,405,67088.15
995,6,117633.8
995,7,4652.502
996,83,88616.21
996,119,156816.3
996,186,147656.5
997,58,90851.41
997,291,82714.18
997,393,83452.05
998,44,32182.68
998,126,60239.43
998,244,83793.23
999,113,89974.84
999,333,146619.3
